Arguments: 
  /home/khaled/.nvm/versions/node/v16.14.2/bin/node /home/khaled/.yarn/bin/yarn.js add react react-dom

PATH: 
  /home/khaled/.yarn/bin:/home/khaled/.config/yarn/global/node_modules/.bin:/home/khaled/.yarn/bin:/home/khaled/.config/yarn/global/node_modules/.bin:/home/khaled/anaconda3/bin:/home/khaled/anaconda3/condabin:/home/khaled/.nvm/versions/node/v16.14.2/bin:/home/khaled/.local/bin:/usr/local/sbin:/usr/local/bin:/usr/sbin:/usr/bin:/sbin:/bin:/usr/games:/usr/local/games:/snap/bin:/usr/share/rvm/bin:/media/khaled/Disk_2_319G/1_osl_backup:/media/khaled/Disk_2_319G/1_osl_backup/download-scipts:/media/khaled/Disk_2_319G/1_osl_backup/vscodeScripts:/media/khaled/Disk_2_319G/khaled_2_ubunto/1_obsidian/softwateEngineering/osl_folder:/media/khaled/Disk_2_319G/1_osl_backup:/media/khaled/Disk_2_319G/1_osl_backup/download-scipts:/media/khaled/Disk_2_319G/1_osl_backup/vscodeScripts:/media/khaled/Disk_2_319G/khaled_2_ubunto/1_obsidian/softwateEngineering/osl_folder

Yarn version: 
  1.22.19

Node version: 
  16.14.2

Platform: 
  linux x64

Trace: 
  Error: https://registry.yarnpkg.com/@testing-library%2fuser-eve%20nt: Not found
      at Request.params.callback [as _callback] (/home/khaled/.yarn/lib/cli.js:66145:18)
      at Request.self.callback (/home/khaled/.yarn/lib/cli.js:140890:22)
      at Request.emit (node:events:526:28)
      at Request.<anonymous> (/home/khaled/.yarn/lib/cli.js:141862:10)
      at Request.emit (node:events:526:28)
      at IncomingMessage.<anonymous> (/home/khaled/.yarn/lib/cli.js:141784:12)
      at Object.onceWrapper (node:events:645:28)
      at IncomingMessage.emit (node:events:538:35)
      at endReadableNT (node:internal/streams/readable:1345:12)
      at processTicksAndRejections (node:internal/process/task_queues:83:21)

npm manifest: 
  {
    "name": "frontend",
    "version": "0.1.0",
    "private": true,
    "dependencies": {
      "@emotion/react": "^11.9.0",
      "@emotion/styled": "^11.8.1",
      "@material-ui/core": "^4.12.4",
      "@material-ui/icons": "^4.11.3",
      "@mui/icons-material": "^5.6.2",
      "@mui/material": "^5.6.2",
      "@testing-library/jest-dom": "^5.16.2",
      "@testing-library/react": "^12.1.3",
      "@testing-library/user-eve nt": "^13.5.0",
      "axios": "^0.26.0",
      "bootstrap": "^5.1.3",
      "firebase": "^9.6.8",
      "formik": "^2.2.9",
      "pusher-js": "^7.1.0-beta",
      "react": "^17.0.2",
      "react-bootstrap": "^1.6.4",
      "react-dom": "^17.0.2",
      "react-query": "^3.38.0",
      "react-router-dom": "^6.3.0",
      "react-scripts": "5.0.0",
      "web-vitals": "^2.1.4",
      "yup": "^0.32.11"
    },
    "scripts": {
      "start": "react-scripts start",
      "build": "react-scripts build",
      "test": "react-scripts test",
      "eject": "react-scripts eject"
    },
   
    "browserslist": {
      "production": [
        ">0.2%",
        "not dead",
        "not op_mini all"
      ],
      "development": [
        "last 1 chrome version",
        "last 1 firefox version",
        "last 1 safari version"
      ]
    }
   
  }

yarn manifest: 
  No manifest

Lockfile: 
  No lockfile
